Rivet.AnalysisLoader: WARN  Ignoring duplicate plugin analysis called 'CMS_2013_I1224539_DIJET'

 *------------------------------------------------------------------------------------* 
 |                                                                                    | 
 |  *------------------------------------------------------------------------------*  | 
 |  |                                                                              |  | 
 |  |                                                                              |  | 
 |  |   PPP   Y   Y  TTTTT  H   H  III    A      Welcome to the Lund Monte Carlo!  |  | 
 |  |   P  P   Y Y     T    H   H   I    A A     This is PYTHIA version 8.240      |  | 
 |  |   PPP     Y      T    HHHHH   I   AAAAA    Last date of change: 20 Dec 2018  |  | 
 |  |   P       Y      T    H   H   I   A   A                                      |  | 
 |  |   P       Y      T    H   H  III  A   A    Now is 19 Dec 2019 at 06:46:40    |  | 
 |  |                                                                              |  | 
 |  |   Christian Bierlich;  Department of Astronomy and Theoretical Physics,      |  | 
 |  |      Lund University, Solvegatan 14A, SE-223 62 Lund, Sweden;                |  | 
 |  |      e-mail: christian.bierlich@thep.lu.se                                   |  | 
 |  |   Nishita Desai;  Department of Theoretical Physics, Tata Institute,         |  | 
 |  |      Homi Bhabha Road, Mumbai 400005, India;                                 |  | 
 |  |      e-mail: desai@theory.tifr.res.in                                        |  | 
 |  |   Ilkka Helenius;  Department of Physics, University of Jyvaskyla,           |  | 
 |  |      P.O. Box 35, FI-40014 University of Jyvaskyla, Finland;                 |  | 
 |  |      e-mail: ilkka.m.helenius@jyu.fi                                         |  | 
 |  |   Philip Ilten;  School of Physics and Astronomy,                            |  | 
 |  |      University of Birmingham, Birmingham, B152 2TT, UK;                     |  | 
 |  |      e-mail: philten@cern.ch                                                 |  | 
 |  |   Leif Lonnblad;  Department of Astronomy and Theoretical Physics,           |  | 
 |  |      Lund University, Solvegatan 14A, SE-223 62 Lund, Sweden;                |  | 
 |  |      e-mail: leif.lonnblad@thep.lu.se                                        |  | 
 |  |   Stephen Mrenna;  Computing Division, Simulations Group,                    |  | 
 |  |      Fermi National Accelerator Laboratory, MS 234, Batavia, IL 60510, USA;  |  | 
 |  |      e-mail: mrenna@fnal.gov                                                 |  | 
 |  |   Stefan Prestel;  Department of Astronomy and Theoretical Physics,          |  | 
 |  |      Lund University, Solvegatan 14A, SE-223 62 Lund, Sweden;                |  | 
 |  |      e-mail: stefan.prestel@thep.lu.se                                       |  | 
 |  |   Christine O. Rasmussen;  Department of Astronomy and Theoretical Physics,  |  | 
 |  |      Lund University, Solvegatan 14A, SE-223 62 Lund, Sweden;                |  | 
 |  |      e-mail: christine.rasmussen@thep.lu.se                                  |  | 
 |  |   Torbjorn Sjostrand;  Department of Astronomy and Theoretical Physics,      |  | 
 |  |      Lund University, Solvegatan 14A, SE-223 62 Lund, Sweden;                |  | 
 |  |      e-mail: torbjorn@thep.lu.se                                             |  | 
 |  |   Peter Skands;  School of Physics,                                          |  | 
 |  |      Monash University, PO Box 27, 3800 Melbourne, Australia;                |  | 
 |  |      e-mail: peter.skands@monash.edu                                         |  | 
 |  |                                                                              |  | 
 |  |   The main program reference is 'An Introduction to PYTHIA 8.2',             |  | 
 |  |   T. Sjostrand et al, Comput. Phys. Commun. 191 (2015) 159                   |  | 
 |  |   [arXiv:1410.3012 [hep-ph]]                                                 |  | 
 |  |                                                                              |  | 
 |  |   The main physics reference is the 'PYTHIA 6.4 Physics and Manual',         |  | 
 |  |   T. Sjostrand, S. Mrenna and P. Skands, JHEP05 (2006) 026 [hep-ph/0603175]  |  | 
 |  |                                                                              |  | 
 |  |   An archive of program versions and documentation is found on the web:      |  | 
 |  |   http://www.thep.lu.se/Pythia                                               |  | 
 |  |                                                                              |  | 
 |  |   This program is released under the GNU General Public Licence version 2.   |  | 
 |  |   Please respect the MCnet Guidelines for Event Generator Authors and Users. |  | 
 |  |                                                                              |  | 
 |  |   Disclaimer: this program comes without any guarantees.                     |  | 
 |  |   Beware of errors and use common sense when interpreting results.           |  | 
 |  |                                                                              |  | 
 |  |   Copyright (C) 2018 Torbjorn Sjostrand                                      |  | 
 |  |                                                                              |  | 
 |  |                                                                              |  | 
 |  *------------------------------------------------------------------------------*  | 
 |                                                                                    | 
 *------------------------------------------------------------------------------------* 


 *------------------------------------------------------------------------------------* 
 |                                                                                    | 
 |  *------------------------------------------------------------------------------*  | 
 |  |                                                                              |  | 
 |  |                                                                              |  | 
 |  |   PPP   Y   Y  TTTTT  H   H  III    A      Welcome to the Lund Monte Carlo!  |  | 
 |  |   P  P   Y Y     T    H   H   I    A A     This is PYTHIA version 8.240      |  | 
 |  |   PPP     Y      T    HHHHH   I   AAAAA    Last date of change: 20 Dec 2018  |  | 
 |  |   P       Y      T    H   H   I   A   A                                      |  | 
 |  |   P       Y      T    H   H  III  A   A    Now is 19 Dec 2019 at 06:46:40    |  | 
 |  |                                                                              |  | 
 |  |   Christian Bierlich;  Department of Astronomy and Theoretical Physics,      |  | 
 |  |      Lund University, Solvegatan 14A, SE-223 62 Lund, Sweden;                |  | 
 |  |      e-mail: christian.bierlich@thep.lu.se                                   |  | 
 |  |   Nishita Desai;  Department of Theoretical Physics, Tata Institute,         |  | 
 |  |      Homi Bhabha Road, Mumbai 400005, India;                                 |  | 
 |  |      e-mail: desai@theory.tifr.res.in                                        |  | 
 |  |   Ilkka Helenius;  Department of Physics, University of Jyvaskyla,           |  | 
 |  |      P.O. Box 35, FI-40014 University of Jyvaskyla, Finland;                 |  | 
 |  |      e-mail: ilkka.m.helenius@jyu.fi                                         |  | 
 |  |   Philip Ilten;  School of Physics and Astronomy,                            |  | 
 |  |      University of Birmingham, Birmingham, B152 2TT, UK;                     |  | 
 |  |      e-mail: philten@cern.ch                                                 |  | 
 |  |   Leif Lonnblad;  Department of Astronomy and Theoretical Physics,           |  | 
 |  |      Lund University, Solvegatan 14A, SE-223 62 Lund, Sweden;                |  | 
 |  |      e-mail: leif.lonnblad@thep.lu.se                                        |  | 
 |  |   Stephen Mrenna;  Computing Division, Simulations Group,                    |  | 
 |  |      Fermi National Accelerator Laboratory, MS 234, Batavia, IL 60510, USA;  |  | 
 |  |      e-mail: mrenna@fnal.gov                                                 |  | 
 |  |   Stefan Prestel;  Department of Astronomy and Theoretical Physics,          |  | 
 |  |      Lund University, Solvegatan 14A, SE-223 62 Lund, Sweden;                |  | 
 |  |      e-mail: stefan.prestel@thep.lu.se                                       |  | 
 |  |   Christine O. Rasmussen;  Department of Astronomy and Theoretical Physics,  |  | 
 |  |      Lund University, Solvegatan 14A, SE-223 62 Lund, Sweden;                |  | 
 |  |      e-mail: christine.rasmussen@thep.lu.se                                  |  | 
 |  |   Torbjorn Sjostrand;  Department of Astronomy and Theoretical Physics,      |  | 
 |  |      Lund University, Solvegatan 14A, SE-223 62 Lund, Sweden;                |  | 
 |  |      e-mail: torbjorn@thep.lu.se                                             |  | 
 |  |   Peter Skands;  School of Physics,                                          |  | 
 |  |      Monash University, PO Box 27, 3800 Melbourne, Australia;                |  | 
 |  |      e-mail: peter.skands@monash.edu                                         |  | 
 |  |                                                                              |  | 
 |  |   The main program reference is 'An Introduction to PYTHIA 8.2',             |  | 
 |  |   T. Sjostrand et al, Comput. Phys. Commun. 191 (2015) 159                   |  | 
 |  |   [arXiv:1410.3012 [hep-ph]]                                                 |  | 
 |  |                                                                              |  | 
 |  |   The main physics reference is the 'PYTHIA 6.4 Physics and Manual',         |  | 
 |  |   T. Sjostrand, S. Mrenna and P. Skands, JHEP05 (2006) 026 [hep-ph/0603175]  |  | 
 |  |                                                                              |  | 
 |  |   An archive of program versions and documentation is found on the web:      |  | 
 |  |   http://www.thep.lu.se/Pythia                                               |  | 
 |  |                                                                              |  | 
 |  |   This program is released under the GNU General Public Licence version 2.   |  | 
 |  |   Please respect the MCnet Guidelines for Event Generator Authors and Users. |  | 
 |  |                                                                              |  | 
 |  |   Disclaimer: this program comes without any guarantees.                     |  | 
 |  |   Beware of errors and use common sense when interpreting results.           |  | 
 |  |                                                                              |  | 
 |  |   Copyright (C) 2018 Torbjorn Sjostrand                                      |  | 
 |  |                                                                              |  | 
 |  |                                                                              |  | 
 |  *------------------------------------------------------------------------------*  | 
 |                                                                                    | 
 *------------------------------------------------------------------------------------* 


 *-------  PYTHIA Process Initialization  --------------------------*
 |                                                                  |
 | We collide p+ with p+ at a CM energy of 1.300e+04 GeV            |
 |                                                                  |
 |------------------------------------------------------------------|
 |                                                    |             |
 | Subprocess                                    Code |   Estimated |
 |                                                    |    max (mb) |
 |                                                    |             |
 |------------------------------------------------------------------|
 |                                                    |             |
 | g g -> g g                                     111 |   6.836e-01 |
 | g g -> q qbar (uds)                            112 |   8.311e-03 |
 | q g -> q g                                     113 |   4.741e-01 |
 | q q(bar)' -> q q(bar)'                         114 |   5.162e-02 |
 | q qbar -> g g                                  115 |   3.756e-04 |
 | q qbar -> q' qbar' (uds)                       116 |   1.687e-04 |
 | g g -> c cbar                                  121 |   2.756e-03 |
 | q qbar -> c cbar                               122 |   5.607e-05 |
 | g g -> b bbar                                  123 |   2.633e-03 |
 | q qbar -> b bbar                               124 |   5.471e-05 |
 |                                                                  |
 *-------  End PYTHIA Process Initialization -----------------------*

 *-------  PYTHIA Multiparton Interactions Initialization  ---------* 
 |                                                                  | 
 |                   sigmaNonDiffractive =    56.42 mb              | 
 |                                                                  | 
 |    pT0 =  2.81 gives sigmaInteraction =   265.46 mb: accepted    | 
 |                                                                  | 
 *-------  End PYTHIA Multiparton Interactions Initialization  -----* 

 *-------  PYTHIA Flag + Mode + Parm + Word + FVec + MVec + PVec + WVec Settings (changes only)  ------------------* 
 |                                                                                                                 | 
 | Name                                          |                      Now |      Default         Min         Max | 
 |                                               |                          |                                      | 
 | Beams:eCM                                     |                13000.000 |    14000.000    10.00000             | 
 | Check:epTolErr                                |                0.0100000 |   1.0000e-04                         | 
 | HardQCD:all                                   |                       on |          off                         | 
 | Main:timesAllowErrors                         |                    10000 |           10           0             | 
 | MultipartonInteractions:ecmPow                |                  0.25208 |      0.21500         0.0     0.50000 | 
 | MultipartonInteractions:expPow                |                  1.60000 |      1.85000     0.40000    10.00000 | 
 | MultipartonInteractions:pT0Ref                |                  2.40240 |      2.28000     0.50000    10.00000 | 
 | Next:numberShowEvent                          |                        0 |            1           0             | 
 | ParticleDecays:allowPhotonRadiation           |                       on |          off                         | 
 | ParticleDecays:limitTau0                      |                       on |          off                         | 
 | PhaseSpace:pTHatMax                           |                 2000.000 |     -1.00000                         | 
 | PhaseSpace:pTHatMin                           |                 30.00000 |          0.0         0.0             | 
 | SLHA:minMassSM                                |                 1000.000 |    100.00000                         | 
 | Tune:preferLHAPDF                             |                        2 |            1           0           2 | 
 |                                                                                                                 | 
 *-------  End PYTHIA Flag + Mode + Parm + Word + FVec + MVec + PVec + WVec Settings  -----------------------------* 

 --------  PYTHIA Particle Data Table (changed only)  ------------------------------------------------------------------------------
 
      id   name            antiName         spn chg col      m0        mWidth      mMin       mMax       tau0    res dec ext vis wid
             no onMode   bRatio   meMode     products 

 no particle data has been changed from its default value 

 --------  End PYTHIA Particle Data Table  -----------------------------------------------------------------------------------------


 *-------  PYTHIA Flag + Mode + Parm + Word + FVec + MVec + PVec + WVec Settings (changes only)  ------------------* 
 |                                                                                                                 | 
 | Name                                          |                      Now |      Default         Min         Max | 
 |                                               |                          |                                      | 
 | Next:numberShowEvent                          |                        0 |            1           0             | 
 | ParticleDecays:allowPhotonRadiation           |                       on |          off                         | 
 | ParticleDecays:limitTau0                      |                       on |          off                         | 
 | ProcessLevel:all                              |                      off |           on                         | 
 |                                                                                                                 | 
 *-------  End PYTHIA Flag + Mode + Parm + Word + FVec + MVec + PVec + WVec Settings  -----------------------------* 

 --------  PYTHIA Particle Data Table (changed only)  ------------------------------------------------------------------------------
 
      id   name            antiName         spn chg col      m0        mWidth      mMin       mMax       tau0    res dec ext vis wid
             no onMode   bRatio   meMode     products 

 no particle data has been changed from its default value 

 --------  End PYTHIA Particle Data Table  -----------------------------------------------------------------------------------------


 --------  PYTHIA Info Listing  ---------------------------------------- 
 
 Beam A: id =   2212, pz =  6.500e+03, e =  6.500e+03, m =  9.383e-01.
 Beam B: id =   2212, pz = -6.500e+03, e =  6.500e+03, m =  9.383e-01.

 In 1: id =   21, x =  2.039e-03, pdf =  2.052e+01 at Q2 =  1.608e+03.
 In 2: id =   21, x =  1.995e-02, pdf =  4.615e+00 at same Q2.

 Subprocess g g -> g g with code 111 is 2 -> 2.
 It has sHat =  6.873e+03,    tHat = -2.565e+03,    uHat = -4.309e+03,
       pTHat =  4.010e+01,   m3Hat =  0.000e+00,   m4Hat =  0.000e+00,
    thetaHat =  1.314e+00,  phiHat =  3.217e+00.
     alphaEM =  7.745e-03,  alphaS =  1.495e-01    at Q2 =  1.608e+03.

 Impact parameter b =  6.332e-01 gives enhancement factor =  1.723e+00.
 Max pT scale for MPI =  4.010e+01, ISR =  4.010e+01, FSR =  4.010e+01.
 Number of MPI =     8, ISR =    18, FSRproc =    70, FSRreson =     0.

 --------  End PYTHIA Info Listing  ------------------------------------

 --------  PYTHIA Event Listing  (hard process)  -----------------------------------------------------------------------------------
 
    no         id  name            status     mothers   daughters     colours      p_x        p_y        p_z         e          m 
     0         90  (system)           -11     0     0     0     0     0     0      0.000      0.000      0.000  13000.000  13000.000
     1       2212  (p+)               -12     0     0     3     0     0     0      0.000      0.000   6500.000   6500.000      0.938
     2       2212  (p+)               -12     0     0     4     0     0     0      0.000      0.000  -6500.000   6500.000      0.938
     3         21  (g)                -21     1     0     5     6   102   101      0.000      0.000     13.253     13.253      0.000
     4         21  (g)                -21     2     0     5     6   104   103      0.000      0.000   -129.658    129.658      0.000
     5         21  g                   23     3     4     0     0   104   101    -39.982     -3.017    -40.069     56.685      0.000
     6         21  g                   23     3     4     0     0   102   103     39.982      3.017    -76.336     86.226      0.000
                                   Charge sum:  0.000           Momentum sum:      0.000      0.000   -116.405    142.911     82.905

 --------  End PYTHIA Event Listing  -----------------------------------------------------------------------------------------------
Rivet.Analysis.Handler: WARN  Analysis 'jetConstituents' is unvalidated: be careful, it may be broken!
 PYTHIA Error in StringFragmentation::fragment: stuck in joining  
 PYTHIA Error in Pythia::next: hadronLevel failed; try again  
 PYTHIA Warning in StringFragmentation::fragmentToJunction: bad convergence junction rest frame  
 PYTHIA Warning in Pythia::check: energy-momentum not quite conserved  

 Pythia::next(): 1000 events have been generated 
 PYTHIA Warning in SimpleSpaceShower::pT2nextQCD: small daughter PDF  
 PYTHIA Warning in Pythia::check: not quite matched particle energy/momentum/mass  

 Pythia::next(): 2000 events have been generated 
 PYTHIA Error in StringFragmentation::fragmentToJunction: caught in junction flavour loop  

 Pythia::next(): 3000 events have been generated 

 Pythia::next(): 4000 events have been generated 

 Pythia::next(): 5000 events have been generated 
 PYTHIA Warning in MultipartonInteractions::pTnext: weight above unity  

 Pythia::next(): 6000 events have been generated 
 PYTHIA Warning in SimpleSpaceShower::pT2nextQCD: weight above unity  

 Pythia::next(): 7000 events have been generated 

 Pythia::next(): 8000 events have been generated 

 Pythia::next(): 9000 events have been generated 
 PYTHIA Error in SimpleSpaceShower::pT2nearThreshold: stuck in loop  

 Pythia::next(): 10000 events have been generated 

 Pythia::next(): 11000 events have been generated 

 Pythia::next(): 12000 events have been generated 

 Pythia::next(): 13000 events have been generated 

 Pythia::next(): 14000 events have been generated 

 Pythia::next(): 15000 events have been generated 

 Pythia::next(): 16000 events have been generated 

 Pythia::next(): 17000 events have been generated 

 Pythia::next(): 18000 events have been generated 

 Pythia::next(): 19000 events have been generated 

 Pythia::next(): 20000 events have been generated 

 Pythia::next(): 21000 events have been generated 

 Pythia::next(): 22000 events have been generated 

 Pythia::next(): 23000 events have been generated 

 Pythia::next(): 24000 events have been generated 

 Pythia::next(): 25000 events have been generated 

 Pythia::next(): 26000 events have been generated 

 Pythia::next(): 27000 events have been generated 

 Pythia::next(): 28000 events have been generated 

 Pythia::next(): 29000 events have been generated 

 *-------  PYTHIA Event and Cross Section Statistics  -------------------------------------------------------------*
 |                                                                                                                 |
 | Subprocess                                    Code |            Number of events       |      sigma +- delta    |
 |                                                    |       Tried   Selected   Accepted |     (estimated) (mb)   |
 |                                                    |                                   |                        |
 |-----------------------------------------------------------------------------------------------------------------|
 |                                                    |                                   |                        |
 | g g -> g g                                     111 |      126960      17372      17372 |   9.398e-02  3.850e-04 |
 | g g -> q qbar (uds)                            112 |        1580        357        357 |   1.845e-03  5.270e-05 |
 | q g -> q g                                     113 |       87336      10728      10728 |   5.794e-02  3.173e-04 |
 | q q(bar)' -> q q(bar)'                         114 |        9641       1276       1276 |   6.792e-03  1.048e-04 |
 | q qbar -> g g                                  115 |          73         12         12 |   9.258e-05  1.096e-05 |
 | q qbar -> q' qbar' (uds)                       116 |          39         13         13 |   7.043e-05  8.059e-06 |
 | g g -> c cbar                                  121 |         514        114        114 |   6.675e-04  3.118e-05 |
 | q qbar -> c cbar                               122 |          12          3          3 |   2.116e-05  3.975e-06 |
 | g g -> b bbar                                  123 |         488        119        119 |   6.449e-04  3.091e-05 |
 | q qbar -> b bbar                               124 |          13          6          6 |   1.937e-05  4.414e-06 |
 |                                                    |                                   |                        |
 | sum                                                |      226656      30000      30000 |   1.621e-01  5.146e-04 |
 |                                                                                                                 |
 *-------  End PYTHIA Event and Cross Section Statistics ----------------------------------------------------------*

 *-------  PYTHIA Error and Warning Messages Statistics  ----------------------------------------------------------* 
 |                                                                                                                 | 
 |  times   message                                                                                                | 
 |                                                                                                                 | 
 |     38   Error in Pythia::next: hadronLevel failed; try again                                                   | 
 |     10   Error in SimpleSpaceShower::pT2nearThreshold: stuck in loop                                            | 
 |     32   Error in StringFragmentation::fragment: stuck in joining                                               | 
 |      6   Error in StringFragmentation::fragmentToJunction: caught in junction flavour loop                      | 
 |      3   Warning in MultipartonInteractions::pTnext: weight above unity                                         | 
 |      6   Warning in Pythia::check: energy-momentum not quite conserved                                          | 
 |     29   Warning in Pythia::check: not quite matched particle energy/momentum/mass                              | 
 |      3   Warning in SimpleSpaceShower::pT2nextQCD: small daughter PDF                                           | 
 |      3   Warning in SimpleSpaceShower::pT2nextQCD: weight above unity                                           | 
 |    114   Warning in StringFragmentation::fragmentToJunction: bad convergence junction rest frame                | 
 |                                                                                                                 | 
 *-------  End PYTHIA Error and Warning Messages Statistics  ------------------------------------------------------* 

 *-------  PYTHIA Event and Cross Section Statistics  -------------------------------------------------------------*
 |                                                                                                                 |
 | Subprocess                                    Code |            Number of events       |      sigma +- delta    |
 |                                                    |       Tried   Selected   Accepted |     (estimated) (mb)   |
 |                                                    |                                   |                        |
 |-----------------------------------------------------------------------------------------------------------------|
 |                                                    |                                   |                        |
 | g g -> g g                                     111 |      126960      17372      17372 |   9.398e-02  3.850e-04 |
 | g g -> q qbar (uds)                            112 |        1580        357        357 |   1.845e-03  5.270e-05 |
 | q g -> q g                                     113 |       87336      10728      10728 |   5.794e-02  3.173e-04 |
 | q q(bar)' -> q q(bar)'                         114 |        9641       1276       1276 |   6.792e-03  1.048e-04 |
 | q qbar -> g g                                  115 |          73         12         12 |   9.258e-05  1.096e-05 |
 | q qbar -> q' qbar' (uds)                       116 |          39         13         13 |   7.043e-05  8.059e-06 |
 | g g -> c cbar                                  121 |         514        114        114 |   6.675e-04  3.118e-05 |
 | q qbar -> c cbar                               122 |          12          3          3 |   2.116e-05  3.975e-06 |
 | g g -> b bbar                                  123 |         488        119        119 |   6.449e-04  3.091e-05 |
 | q qbar -> b bbar                               124 |          13          6          6 |   1.937e-05  4.414e-06 |
 |                                                    |                                   |                        |
 | sum                                                |      226656      30000      30000 |   1.621e-01  5.146e-04 |
 |                                                                                                                 |
 *-------  End PYTHIA Event and Cross Section Statistics ----------------------------------------------------------*

 *-------  PYTHIA Error and Warning Messages Statistics  ----------------------------------------------------------* 
 |                                                                                                                 | 
 |  times   message                                                                                                | 
 |                                                                                                                 | 
 |     38   Error in Pythia::next: hadronLevel failed; try again                                                   | 
 |     10   Error in SimpleSpaceShower::pT2nearThreshold: stuck in loop                                            | 
 |     32   Error in StringFragmentation::fragment: stuck in joining                                               | 
 |      6   Error in StringFragmentation::fragmentToJunction: caught in junction flavour loop                      | 
 |      3   Warning in MultipartonInteractions::pTnext: weight above unity                                         | 
 |      6   Warning in Pythia::check: energy-momentum not quite conserved                                          | 
 |     29   Warning in Pythia::check: not quite matched particle energy/momentum/mass                              | 
 |      3   Warning in SimpleSpaceShower::pT2nextQCD: small daughter PDF                                           | 
 |      3   Warning in SimpleSpaceShower::pT2nextQCD: weight above unity                                           | 
 |    114   Warning in StringFragmentation::fragmentToJunction: bad convergence junction rest frame                | 
 |                                                                                                                 | 
 *-------  End PYTHIA Error and Warning Messages Statistics  ------------------------------------------------------* 
Rivet.Analysis.Handler: INFO  Finalising analyses
Rivet.Analysis.Handler: INFO  Processed 30000 events

The MCnet usage guidelines apply to Rivet: see http://www.montecarlonet.org/GUIDELINES
Please acknowledge plots made with Rivet analyses, and cite arXiv:1003.0694 (http://arxiv.org/abs/1003.0694)
